# JRE version: OpenJDK Runtime Environment Temurin-21.0.11+10 (21.0.11+10) (build 21.0.11+10-LTS)
# Java VM: OpenJDK 64-Bit Server VM Temurin-21.0.11+10 (21.0.11+10-LTS, mixed mode, sharing, tiered, compressed oops, compressed class ptrs, parallel gc, windows-amd64)
GC Precious Log:
 CardTable entry size: 512
 CPUs: 4 total, 4 available
 Memory: 7926M
 Large Page Support: Disabled
 NUMA Support: Disabled
 Compressed Oops: Enabled (32-bit)
 Alignments: Space 512K, Generation 512K, Heap 2M
 Heap Min Capacity: 100M
 Heap Initial Capacity: 100M
 Heap Max Capacity: 2G
 Pre-touch: Disabled
 Parallel Workers: 4
Heap:
 PSYoungGen      total 4608K, used 2330K [0x00000000d5580000, 0x00000000d5c80000, 0x0000000100000000)
  eden space 4096K, 53% used [0x00000000d5580000,0x00000000d57a6888,0x00000000d5980000)
  from space 512K, 25% used [0x00000000d5b80000,0x00000000d5ba0000,0x00000000d5c00000)
  to   space 512K, 0% used [0x00000000d5c00000,0x00000000d5c00000,0x00000000d5c80000)
 ParOldGen       total 570368K, used 570299K [0x0000000080000000, 0x00000000a2d00000, 0x00000000d5580000)
  object space 570368K, 99% used [0x0000000080000000,0x00000000a2ceef40,0x00000000a2d00000)
 Metaspace       used 91046K, committed 92800K, reserved 1179648K
  class space    used 9434K, committed 10240K, reserved 1048576K
GC Heap History (20 events):
Event: 7424.322 GC heap before
{Heap before GC invocations=2543 (full 5):
 PSYoungGen      total 3072K, used 3072K [0x00000000d5580000, 0x00000000d5d80000, 0x0000000100000000)
  eden space 2048K, 100% used [0x00000000d5580000,0x00000000d5780000,0x00000000d5780000)
  from space 1024K, 100% used [0x00000000d5800000,0x00000000d5900000,0x00000000d5900000)
  to   space 3072K, 0% used [0x00000000d5a80000,0x00000000d5a80000,0x00000000d5d80000)
 ParOldGen       total 563712K, used 563563K [0x0000000080000000, 0x00000000a2680000, 0x00000000d5580000)
  object space 563712K, 99% used [0x0000000080000000,0x00000000a265acf0,0x00000000a2680000)
 Metaspace       used 90955K, committed 92736K, reserved 1179648K
  class space    used 9433K, committed 10240K, reserved 1048576K
}
Event: 7424.329 GC heap after
{Heap after GC invocations=2543 (full 5):
 PSYoungGen      total 4096K, used 1504K [0x00000000d5580000, 0x00000000d5c00000, 0x0000000100000000)
  eden space 2560K, 0% used [0x00000000d5580000,0x00000000d5580000,0x00000000d5800000)
  from space 1536K, 97% used [0x00000000d5a80000,0x00000000d5bf8000,0x00000000d5c00000)
  to   space 2048K, 0% used [0x00000000d5800000,0x00000000d5800000,0x00000000d5a00000)
 ParOldGen       total 564736K, used 564579K [0x0000000080000000, 0x00000000a2780000, 0x00000000d5580000)
  object space 564736K, 99% used [0x0000000080000000,0x00000000a2758cf0,0x00000000a2780000)
 Metaspace       used 90955K, committed 92736K, reserved 1179648K
  class space    used 9433K, committed 10240K, reserved 1048576K
}
Event: 7424.344 GC heap before
{Heap before GC invocations=2544 (full 5):
 PSYoungGen      total 4096K, used 4064K [0x00000000d5580000, 0x00000000d5c00000, 0x0000000100000000)
  eden space 2560K, 100% used [0x00000000d5580000,0x00000000d5800000,0x00000000d5800000)
  from space 1536K, 97% used [0x00000000d5a80000,0x00000000d5bf8000,0x00000000d5c00000)
  to   space 2048K, 0% used [0x00000000d5800000,0x00000000d5800000,0x00000000d5a00000)
 ParOldGen       total 564736K, used 564579K [0x0000000080000000, 0x00000000a2780000, 0x00000000d5580000)
  object space 564736K, 99% used [0x0000000080000000,0x00000000a2758cf0,0x00000000a2780000)
 Metaspace       used 90956K, committed 92736K, reserved 1179648K
  class space    used 9433K, committed 10240K, reserved 1048576K
}
Event: 7424.350 GC heap after
{Heap after GC invocations=2544 (full 5):
 PSYoungGen      total 4608K, used 2046K [0x00000000d5580000, 0x00000000d6080000, 0x0000000100000000)
  eden space 2560K, 0% used [0x00000000d5580000,0x00000000d5580000,0x00000000d5800000)
  from space 2048K, 99% used [0x00000000d5800000,0x00000000d59ff950,0x00000000d5a00000)
  to   space 4096K, 0% used [0x00000000d5c80000,0x00000000d5c80000,0x00000000d6080000)
 ParOldGen       total 566272K, used 566200K [0x0000000080000000, 0x00000000a2900000, 0x00000000d5580000)
  object space 566272K, 99% used [0x0000000080000000,0x00000000a28ee170,0x00000000a2900000)
 Metaspace       used 90956K, committed 92736K, reserved 1179648K
  class space    used 9433K, committed 10240K, reserved 1048576K
}
Event: 7424.366 GC heap before
{Heap before GC invocations=2545 (full 5):
 PSYoungGen      total 4608K, used 4606K [0x00000000d5580000, 0x00000000d6080000, 0x0000000100000000)
  eden space 2560K, 100% used [0x00000000d5580000,0x00000000d5800000,0x00000000d5800000)
  from space 2048K, 99% used [0x00000000d5800000,0x00000000d59ff950,0x00000000d5a00000)
  to   space 4096K, 0% used [0x00000000d5c80000,0x00000000d5c80000,0x00000000d6080000)
 ParOldGen       total 566272K, used 566200K [0x0000000080000000, 0x00000000a2900000, 0x00000000d5580000)
  object space 566272K, 99% used [0x0000000080000000,0x00000000a28ee170,0x00000000a2900000)
 Metaspace       used 90957K, committed 92736K, reserved 1179648K
  class space    used 9433K, committed 10240K, reserved 1048576K
}
Event: 7424.372 GC heap after
{Heap after GC invocations=2545 (full 5):
 PSYoungGen      total 5120K, used 1792K [0x00000000d5580000, 0x00000000d5e80000, 0x0000000100000000)
  eden space 3072K, 0% used [0x00000000d5580000,0x00000000d5580000,0x00000000d5880000)
  from space 2048K, 87% used [0x00000000d5c80000,0x00000000d5e40000,0x00000000d5e80000)
  to   space 2560K, 0% used [0x00000000d5980000,0x00000000d5980000,0x00000000d5c00000)
 ParOldGen       total 568320K, used 568278K [0x0000000080000000, 0x00000000a2b00000, 0x00000000d5580000)
  object space 568320K, 99% used [0x0000000080000000,0x00000000a2af5ac0,0x00000000a2b00000)
 Metaspace       used 90957K, committed 92736K, reserved 1179648K
  class space    used 9433K, committed 10240K, reserved 1048576K
}
Event: 7424.395 GC heap before
{Heap before GC invocations=2546 (full 5):
 PSYoungGen      total 5120K, used 4864K [0x00000000d5580000, 0x00000000d5e80000, 0x0000000100000000)
  eden space 3072K, 100% used [0x00000000d5580000,0x00000000d5880000,0x00000000d5880000)
  from space 2048K, 87% used [0x00000000d5c80000,0x00000000d5e40000,0x00000000d5e80000)
  to   space 2560K, 0% used [0x00000000d5980000,0x00000000d5980000,0x00000000d5c00000)
 ParOldGen       total 568320K, used 568278K [0x0000000080000000, 0x00000000a2b00000, 0x00000000d5580000)
  object space 568320K, 99% used [0x0000000080000000,0x00000000a2af5ac0,0x00000000a2b00000)
 Metaspace       used 90960K, committed 92736K, reserved 1179648K
  class space    used 9433K, committed 10240K, reserved 1048576K
}
Event: 7424.403 GC heap after
{Heap after GC invocations=2546 (full 5):
 PSYoungGen      total 6656K, used 2238K [0x00000000d5580000, 0x00000000d5e80000, 0x0000000100000000)
  eden space 4096K, 0% used [0x00000000d5580000,0x00000000d5580000,0x00000000d5980000)
  from space 2560K, 87% used [0x00000000d5980000,0x00000000d5baf950,0x00000000d5c00000)
  to   space 2560K, 0% used [0x00000000d5c00000,0x00000000d5c00000,0x00000000d5e80000)
 ParOldGen       total 569856K, used 569726K [0x0000000080000000, 0x00000000a2c80000, 0x00000000d5580000)
  object space 569856K, 99% used [0x0000000080000000,0x00000000a2c5fac0,0x00000000a2c80000)
 Metaspace       used 90960K, committed 92736K, reserved 1179648K
  class space    used 9433K, committed 10240K, reserved 1048576K
}
Event: 7441.369 GC heap before
{Heap before GC invocations=2547 (full 5):
 PSYoungGen      total 6656K, used 6334K [0x00000000d5580000, 0x00000000d5e80000, 0x0000000100000000)
  eden space 4096K, 99% used [0x00000000d5580000,0x00000000d597ffb0,0x00000000d5980000)
  from space 2560K, 87% used [0x00000000d5980000,0x00000000d5baf950,0x00000000d5c00000)
  to   space 2560K, 0% used [0x00000000d5c00000,0x00000000d5c00000,0x00000000d5e80000)
 ParOldGen       total 569856K, used 569726K [0x0000000080000000, 0x00000000a2c80000, 0x00000000d5580000)
  object space 569856K, 99% used [0x0000000080000000,0x00000000a2c5fac0,0x00000000a2c80000)
 Metaspace       used 90989K, committed 92800K, reserved 1179648K
  class space    used 9433K, committed 10240K, reserved 1048576K
}
Event: 7441.379 GC heap after
{Heap after GC invocations=2547 (full 5):
 PSYoungGen      total 4608K, used 128K [0x00000000d5580000, 0x00000000d5c80000, 0x0000000100000000)
  eden space 4096K, 0% used [0x00000000d5580000,0x00000000d5580000,0x00000000d5980000)
  from space 512K, 25% used [0x00000000d5c00000,0x00000000d5c20000,0x00000000d5c80000)
  to   space 1024K, 0% used [0x00000000d5a80000,0x00000000d5a80000,0x00000000d5b80000)
 ParOldGen       total 569856K, used 569758K [0x0000000080000000, 0x00000000a2c80000, 0x00000000d5580000)
  object space 569856K, 99% used [0x0000000080000000,0x00000000a2c67ac0,0x00000000a2c80000)
 Metaspace       used 90989K, committed 92800K, reserved 1179648K
  class space    used 9433K, committed 10240K, reserved 1048576K
}
Event: 7451.544 GC heap before
{Heap before GC invocations=2548 (full 5):
 PSYoungGen      total 4608K, used 4223K [0x00000000d5580000, 0x00000000d5c80000, 0x0000000100000000)
  eden space 4096K, 99% used [0x00000000d5580000,0x00000000d597fff0,0x00000000d5980000)
  from space 512K, 25% used [0x00000000d5c00000,0x00000000d5c20000,0x00000000d5c80000)
  to   space 1024K, 0% used [0x00000000d5a80000,0x00000000d5a80000,0x00000000d5b80000)
 ParOldGen       total 569856K, used 569758K [0x0000000080000000, 0x00000000a2c80000, 0x00000000d5580000)
  object space 569856K, 99% used [0x0000000080000000,0x00000000a2c67ac0,0x00000000a2c80000)
 Metaspace       used 91020K, committed 92800K, reserved 1179648K
  class space    used 9434K, committed 10240K, reserved 1048576K
}
Event: 7451.554 GC heap after
{Heap after GC invocations=2548 (full 5):
 PSYoungGen      total 5120K, used 128K [0x00000000d5580000, 0x00000000d5c80000, 0x0000000100000000)
  eden space 4096K, 0% used [0x00000000d5580000,0x00000000d5580000,0x00000000d5980000)
  from space 1024K, 12% used [0x00000000d5a80000,0x00000000d5aa0000,0x00000000d5b80000)
  to   space 512K, 0% used [0x00000000d5c00000,0x00000000d5c00000,0x00000000d5c80000)
 ParOldGen       total 569856K, used 569782K [0x0000000080000000, 0x00000000a2c80000, 0x00000000d5580000)
  object space 569856K, 99% used [0x0000000080000000,0x00000000a2c6dac0,0x00000000a2c80000)
 Metaspace       used 91020K, committed 92800K, reserved 1179648K
  class space    used 9434K, committed 10240K, reserved 1048576K
}
Event: 7465.446 GC heap before
{Heap before GC invocations=2549 (full 5):
 PSYoungGen      total 5120K, used 4224K [0x00000000d5580000, 0x00000000d5c80000, 0x0000000100000000)
  eden space 4096K, 100% used [0x00000000d5580000,0x00000000d5980000,0x00000000d5980000)
  from space 1024K, 12% used [0x00000000d5a80000,0x00000000d5aa0000,0x00000000d5b80000)
  to   space 512K, 0% used [0x00000000d5c00000,0x00000000d5c00000,0x00000000d5c80000)
 ParOldGen       total 569856K, used 569782K [0x0000000080000000, 0x00000000a2c80000, 0x00000000d5580000)
  object space 569856K, 99% used [0x0000000080000000,0x00000000a2c6dac0,0x00000000a2c80000)
 Metaspace       used 91026K, committed 92800K, reserved 1179648K
  class space    used 9434K, committed 10240K, reserved 1048576K
}
Event: 7465.453 GC heap after
{Heap after GC invocations=2549 (full 5):
 PSYoungGen      total 4608K, used 96K [0x00000000d5580000, 0x00000000d5c80000, 0x0000000100000000)
  eden space 4096K, 0% used [0x00000000d5580000,0x00000000d5580000,0x00000000d5980000)
  from space 512K, 18% used [0x00000000d5c00000,0x00000000d5c18000,0x00000000d5c80000)
  to   space 512K, 0% used [0x00000000d5b80000,0x00000000d5b80000,0x00000000d5c00000)
 ParOldGen       total 569856K, used 569798K [0x0000000080000000, 0x00000000a2c80000, 0x00000000d5580000)
  object space 569856K, 99% used [0x0000000080000000,0x00000000a2c71ac0,0x00000000a2c80000)
 Metaspace       used 91026K, committed 92800K, reserved 1179648K
  class space    used 9434K, committed 10240K, reserved 1048576K
}
Event: 7497.948 GC heap before
{Heap before GC invocations=2550 (full 5):
 PSYoungGen      total 4608K, used 4192K [0x00000000d5580000, 0x00000000d5c80000, 0x0000000100000000)
  eden space 4096K, 100% used [0x00000000d5580000,0x00000000d5980000,0x00000000d5980000)
  from space 512K, 18% used [0x00000000d5c00000,0x00000000d5c18000,0x00000000d5c80000)
  to   space 512K, 0% used [0x00000000d5b80000,0x00000000d5b80000,0x00000000d5c00000)
 ParOldGen       total 569856K, used 569798K [0x0000000080000000, 0x00000000a2c80000, 0x00000000d5580000)
  object space 569856K, 99% used [0x0000000080000000,0x00000000a2c71ac0,0x00000000a2c80000)
 Metaspace       used 91044K, committed 92800K, reserved 1179648K
  class space    used 9434K, committed 10240K, reserved 1048576K
}
Event: 7497.982 GC heap after
{Heap after GC invocations=2550 (full 5):
 PSYoungGen      total 4608K, used 416K [0x00000000d5580000, 0x00000000d5c80000, 0x0000000100000000)
  eden space 4096K, 0% used [0x00000000d5580000,0x00000000d5580000,0x00000000d5980000)
  from space 512K, 81% used [0x00000000d5b80000,0x00000000d5be8000,0x00000000d5c00000)
  to   space 512K, 0% used [0x00000000d5c00000,0x00000000d5c00000,0x00000000d5c80000)
 ParOldGen       total 569856K, used 569814K [0x0000000080000000, 0x00000000a2c80000, 0x00000000d5580000)
  object space 569856K, 99% used [0x0000000080000000,0x00000000a2c75ac0,0x00000000a2c80000)
 Metaspace       used 91044K, committed 92800K, reserved 1179648K
  class space    used 9434K, committed 10240K, reserved 1048576K
}
Event: 7498.248 GC heap before
{Heap before GC invocations=2551 (full 5):
 PSYoungGen      total 4608K, used 4511K [0x00000000d5580000, 0x00000000d5c80000, 0x0000000100000000)
  eden space 4096K, 99% used [0x00000000d5580000,0x00000000d597ff48,0x00000000d5980000)
  from space 512K, 81% used [0x00000000d5b80000,0x00000000d5be8000,0x00000000d5c00000)
  to   space 512K, 0% used [0x00000000d5c00000,0x00000000d5c00000,0x00000000d5c80000)
 ParOldGen       total 569856K, used 569814K [0x0000000080000000, 0x00000000a2c80000, 0x00000000d5580000)
  object space 569856K, 99% used [0x0000000080000000,0x00000000a2c75ac0,0x00000000a2c80000)
 Metaspace       used 91044K, committed 92800K, reserved 1179648K
  class space    used 9434K, committed 10240K, reserved 1048576K
}
Event: 7498.253 GC heap after
{Heap after GC invocations=2551 (full 5):
 PSYoungGen      total 4608K, used 192K [0x00000000d5580000, 0x00000000d5c80000, 0x0000000100000000)
  eden space 4096K, 0% used [0x00000000d5580000,0x00000000d5580000,0x00000000d5980000)
  from space 512K, 37% used [0x00000000d5c00000,0x00000000d5c30000,0x00000000d5c80000)
  to   space 512K, 0% used [0x00000000d5b80000,0x00000000d5b80000,0x00000000d5c00000)
 ParOldGen       total 570368K, used 570139K [0x0000000080000000, 0x00000000a2d00000, 0x00000000d5580000)
  object space 570368K, 99% used [0x0000000080000000,0x00000000a2cc6f40,0x00000000a2d00000)
 Metaspace       used 91044K, committed 92800K, reserved 1179648K
  class space    used 9434K, committed 10240K, reserved 1048576K
}
Event: 7506.186 GC heap before
{Heap before GC invocations=2552 (full 5):
 PSYoungGen      total 4608K, used 4288K [0x00000000d5580000, 0x00000000d5c80000, 0x0000000100000000)
  eden space 4096K, 100% used [0x00000000d5580000,0x00000000d5980000,0x00000000d5980000)
  from space 512K, 37% used [0x00000000d5c00000,0x00000000d5c30000,0x00000000d5c80000)
  to   space 512K, 0% used [0x00000000d5b80000,0x00000000d5b80000,0x00000000d5c00000)
 ParOldGen       total 570368K, used 570139K [0x0000000080000000, 0x00000000a2d00000, 0x00000000d5580000)
  object space 570368K, 99% used [0x0000000080000000,0x00000000a2cc6f40,0x00000000a2d00000)
 Metaspace       used 91044K, committed 92800K, reserved 1179648K
  class space    used 9434K, committed 10240K, reserved 1048576K
}
Event: 7506.191 GC heap after
{Heap after GC invocations=2552 (full 5):
 PSYoungGen      total 4608K, used 128K [0x00000000d5580000, 0x00000000d5c80000, 0x0000000100000000)
  eden space 4096K, 0% used [0x00000000d5580000,0x00000000d5580000,0x00000000d5980000)
  from space 512K, 25% used [0x00000000d5b80000,0x00000000d5ba0000,0x00000000d5c00000)
  to   space 512K, 0% used [0x00000000d5c00000,0x00000000d5c00000,0x00000000d5c80000)
 ParOldGen       total 570368K, used 570299K [0x0000000080000000, 0x00000000a2d00000, 0x00000000d5580000)
  object space 570368K, 99% used [0x0000000080000000,0x00000000a2ceef40,0x00000000a2d00000)
 Metaspace       used 91044K, committed 92800K, reserved 1179648K
  class space    used 9434K, committed 10240K, reserved 1048576K
}

